000 (775766.004.000) 2026-03-24 14:26:02 Job submitted from host: <134.158.133.27:9618?addrs=134.158.133.27-9618&alias=llrt3condor.in2p3.fr&noUDP&sock=schedd_33061_acb1>
...
009 (775766.004.000) 2026-03-24 14:29:32 Job was aborted.
	via condor_rm (by user amella)
...
000 (775767.004.000) 2026-03-24 14:30:59 Job submitted from host: <134.158.133.27:9618?addrs=134.158.133.27-9618&alias=llrt3condor.in2p3.fr&noUDP&sock=schedd_33061_acb1>
...
040 (775767.004.000) 2026-03-24 14:34:00 Started transferring input files
	Transferring to host: <134.158.132.177:9618?addrs=134.158.132.177-9618&alias=llrgrwn073.in2p3.fr&noUDP&sock=slot1_5_1221623_aaa6_6702>
...
040 (775767.004.000) 2026-03-24 14:34:00 Finished transferring input files
...
001 (775767.004.000) 2026-03-24 14:34:01 Job executing on host: <134.158.132.177:9618?addrs=134.158.132.177-9618&alias=llrgrwn073.in2p3.fr&noUDP&sock=startd_1221588_56d2>
	SlotName: slot1_5@llrgrwn073.in2p3.fr
	CondorScratchDir = "/var/lib/condor/execute/dir_2859164"
	Cpus = 1
	Disk = 2048
	GPUs = 0
	Memory = 8192
...
006 (775767.004.000) 2026-03-24 14:34:10 Image size of job updated: 76976
	76  -  MemoryUsage of job (MB)
	76976  -  ResidentSetSize of job (KB)
...
006 (775767.004.000) 2026-03-24 14:39:11 Image size of job updated: 4877504
	4764  -  MemoryUsage of job (MB)
	4877504  -  ResidentSetSize of job (KB)
...
006 (775767.004.000) 2026-03-24 14:44:11 Image size of job updated: 7984104
	7797  -  MemoryUsage of job (MB)
	7984104  -  ResidentSetSize of job (KB)
...
006 (775767.004.000) 2026-03-24 14:49:11 Image size of job updated: 11741688
	11467  -  MemoryUsage of job (MB)
	11741688  -  ResidentSetSize of job (KB)
...
006 (775767.004.000) 2026-03-24 14:54:12 Image size of job updated: 14447464
	14109  -  MemoryUsage of job (MB)
	14447464  -  ResidentSetSize of job (KB)
...
006 (775767.004.000) 2026-03-24 14:55:17 Image size of job updated: 14654012
	14109  -  MemoryUsage of job (MB)
	14447464  -  ResidentSetSize of job (KB)
...
040 (775767.004.000) 2026-03-24 14:55:17 Started transferring output files
...
040 (775767.004.000) 2026-03-24 14:55:17 Finished transferring output files
...
005 (775767.004.000) 2026-03-24 14:55:17 Job terminated.
	(1) Normal termination (return value 1)
		Usr 0 00:07:13, Sys 0 00:00:24  -  Run Remote Usage
		Usr 0 00:00:00, Sys 0 00:00:00  -  Run Local Usage
		Usr 0 00:07:13, Sys 0 00:00:24  -  Total Remote Usage
		Usr 0 00:00:00, Sys 0 00:00:00  -  Total Local Usage
	10349  -  Run Bytes Sent By Job
	102648  -  Run Bytes Received By Job
	10349  -  Total Bytes Sent By Job
	102648  -  Total Bytes Received By Job
	Partitionable Resources :    Usage  Request Allocated 
	   Cpus                 :     0.47        1         1 
	   Disk (KB)            :   127         125      2048 
	   GPUs                 :                           0 
	   Memory (MB)          : 14109        8192      8192 
	   TimeExecute (s)      :  1276                       
	   TimeSlotBusy (s)     :  1277                       

	Job terminated of its own accord at 2026-03-24T13:55:17Z with exit-code 1.
...
000 (775769.004.000) 2026-03-24 15:18:27 Job submitted from host: <134.158.133.27:9618?addrs=134.158.133.27-9618&alias=llrt3condor.in2p3.fr&noUDP&sock=schedd_33061_acb1>
...
040 (775769.004.000) 2026-03-24 15:21:51 Started transferring input files
	Transferring to host: <134.158.133.26:9618?addrs=134.158.133.26-9618&alias=llrgrwn089.in2p3.fr&noUDP&sock=slot1_28_595553_b6f3_6891>
...
040 (775769.004.000) 2026-03-24 15:21:51 Finished transferring input files
...
001 (775769.004.000) 2026-03-24 15:21:52 Job executing on host: <134.158.133.26:9618?addrs=134.158.133.26-9618&alias=llrgrwn089.in2p3.fr&noUDP&sock=startd_582275_cc02>
	SlotName: slot1_28@llrgrwn089.in2p3.fr
	CondorScratchDir = "/var/lib/condor/execute/dir_2406211"
	Cpus = 1
	Disk = 2048
	GPUs = 0
	Memory = 8192
...
006 (775769.004.000) 2026-03-24 15:22:00 Image size of job updated: 122628
	120  -  MemoryUsage of job (MB)
	122628  -  ResidentSetSize of job (KB)
...
006 (775769.004.000) 2026-03-24 15:23:02 Image size of job updated: 1469384
	1429  -  MemoryUsage of job (MB)
	1462392  -  ResidentSetSize of job (KB)
...
004 (775769.004.000) 2026-03-24 15:23:03 Job was evicted.
	(0) CPU times
		Usr 0 00:00:35, Sys 0 00:00:05  -  Run Remote Usage
		Usr 0 00:00:00, Sys 0 00:00:00  -  Run Local Usage
	0  -  Run Bytes Sent By Job
	103401  -  Run Bytes Received By Job
	Partitionable Resources :    Usage  Request Allocated 
	   Cpus                 :        0        1         1 
	   Disk (KB)            :      118      125      2048 
	   GPUs                 :                           0 
	   Memory (MB)          :     1429     8192      8192 
	   TimeExecute (s)      :       70                    
	   TimeSlotBusy (s)     :       72                    
...
009 (775769.004.000) 2026-03-24 15:23:04 Job was aborted.
	via condor_rm (by user amella)
...
000 (775771.004.000) 2026-03-24 15:28:21 Job submitted from host: <134.158.133.27:9618?addrs=134.158.133.27-9618&alias=llrt3condor.in2p3.fr&noUDP&sock=schedd_33061_acb1>
...
040 (775771.004.000) 2026-03-24 15:39:18 Started transferring input files
	Transferring to host: <134.158.132.99:9618?addrs=134.158.132.99-9618&alias=llrgrwn009.in2p3.fr&noUDP&sock=slot1_4_1028439_0ff6_6363>
...
040 (775771.004.000) 2026-03-24 15:39:18 Finished transferring input files
...
001 (775771.004.000) 2026-03-24 15:39:19 Job executing on host: <134.158.132.99:9618?addrs=134.158.132.99-9618&alias=llrgrwn009.in2p3.fr&noUDP&sock=startd_1537_d527>
	SlotName: slot1_4@llrgrwn009.in2p3.fr
	CondorScratchDir = "/var/lib/condor/execute/dir_2714487"
	Cpus = 1
	Disk = 2048
	GPUs = 0
	Memory = 8192
...
006 (775771.004.000) 2026-03-24 15:39:27 Image size of job updated: 127520
	125  -  MemoryUsage of job (MB)
	127520  -  ResidentSetSize of job (KB)
...
006 (775771.004.000) 2026-03-24 15:44:27 Image size of job updated: 4183432
	4086  -  MemoryUsage of job (MB)
	4183432  -  ResidentSetSize of job (KB)
...
006 (775771.004.000) 2026-03-24 15:49:28 Image size of job updated: 8324284
	8130  -  MemoryUsage of job (MB)
	8324284  -  ResidentSetSize of job (KB)
...
006 (775771.004.000) 2026-03-24 15:53:20 Image size of job updated: 21545052
	8130  -  MemoryUsage of job (MB)
	8324284  -  ResidentSetSize of job (KB)
...
040 (775771.004.000) 2026-03-24 15:53:20 Started transferring output files
...
040 (775771.004.000) 2026-03-24 15:53:20 Finished transferring output files
...
005 (775771.004.000) 2026-03-24 15:53:20 Job terminated.
	(1) Normal termination (return value 0)
		Usr 0 00:02:51, Sys 0 00:00:27  -  Run Remote Usage
		Usr 0 00:00:00, Sys 0 00:00:00  -  Run Local Usage
		Usr 0 00:02:51, Sys 0 00:00:27  -  Total Remote Usage
		Usr 0 00:00:00, Sys 0 00:00:00  -  Total Local Usage
	3393  -  Run Bytes Sent By Job
	103111  -  Run Bytes Received By Job
	3393  -  Total Bytes Sent By Job
	103111  -  Total Bytes Received By Job
	Partitionable Resources :    Usage  Request Allocated 
	   Cpus                 :     0.20        1         1 
	   Disk (KB)            :   121         125      2048 
	   GPUs                 :                           0 
	   Memory (MB)          :  8130        8192      8192 
	   TimeExecute (s)      :   841                       
	   TimeSlotBusy (s)     :   843                       

	Job terminated of its own accord at 2026-03-24T14:53:20Z with exit-code 0.
...
