000 (775766.009.000) 2026-03-24 14:26:02 Job submitted from host: <134.158.133.27:9618?addrs=134.158.133.27-9618&alias=llrt3condor.in2p3.fr&noUDP&sock=schedd_33061_acb1>
...
009 (775766.009.000) 2026-03-24 14:29:32 Job was aborted.
	via condor_rm (by user amella)
...
000 (775767.009.000) 2026-03-24 14:30:59 Job submitted from host: <134.158.133.27:9618?addrs=134.158.133.27-9618&alias=llrt3condor.in2p3.fr&noUDP&sock=schedd_33061_acb1>
...
040 (775767.009.000) 2026-03-24 14:39:01 Started transferring input files
	Transferring to host: <134.158.132.103:9618?addrs=134.158.132.103-9618&alias=llrgrwn078.in2p3.fr&noUDP&sock=slot1_24_1241971_ac61_6677>
...
001 (775767.009.000) 2026-03-24 14:39:04 Job executing on host: <134.158.132.103:9618?addrs=134.158.132.103-9618&alias=llrgrwn078.in2p3.fr&noUDP&sock=startd_1235614_022d>
	SlotName: slot1_24@llrgrwn078.in2p3.fr
	CondorScratchDir = "/var/lib/condor/execute/dir_3028350"
	Cpus = 1
	Disk = 2048
	GPUs = 0
	Memory = 8192
...
040 (775767.009.000) 2026-03-24 14:39:04 Finished transferring input files
...
006 (775767.009.000) 2026-03-24 14:39:12 Image size of job updated: 82136
	81  -  MemoryUsage of job (MB)
	82136  -  ResidentSetSize of job (KB)
...
006 (775767.009.000) 2026-03-24 14:44:12 Image size of job updated: 7467728
	7293  -  MemoryUsage of job (MB)
	7467728  -  ResidentSetSize of job (KB)
...
006 (775767.009.000) 2026-03-24 14:49:12 Image size of job updated: 11746256
	11471  -  MemoryUsage of job (MB)
	11746256  -  ResidentSetSize of job (KB)
...
006 (775767.009.000) 2026-03-24 14:54:13 Image size of job updated: 14449380
	14111  -  MemoryUsage of job (MB)
	14449380  -  ResidentSetSize of job (KB)
...
006 (775767.009.000) 2026-03-24 14:55:17 Image size of job updated: 14668904
	14111  -  MemoryUsage of job (MB)
	14449380  -  ResidentSetSize of job (KB)
...
040 (775767.009.000) 2026-03-24 14:55:17 Started transferring output files
...
040 (775767.009.000) 2026-03-24 14:55:17 Finished transferring output files
...
005 (775767.009.000) 2026-03-24 14:55:18 Job terminated.
	(1) Normal termination (return value 1)
		Usr 0 00:07:18, Sys 0 00:00:35  -  Run Remote Usage
		Usr 0 00:00:00, Sys 0 00:00:00  -  Run Local Usage
		Usr 0 00:07:18, Sys 0 00:00:35  -  Total Remote Usage
		Usr 0 00:00:00, Sys 0 00:00:00  -  Total Local Usage
	10308  -  Run Bytes Sent By Job
	102648  -  Run Bytes Received By Job
	10308  -  Total Bytes Sent By Job
	102648  -  Total Bytes Received By Job
	Partitionable Resources :    Usage  Request Allocated 
	   Cpus                 :     0.00        1         1 
	   Disk (KB)            :   127         125      2048 
	   GPUs                 :                           0 
	   Memory (MB)          : 14111        8192      8192 
	   TimeExecute (s)      :   974                       
	   TimeSlotBusy (s)     :   977                       

	Job terminated of its own accord at 2026-03-24T13:55:17Z with exit-code 1.
...
000 (775769.009.000) 2026-03-24 15:18:27 Job submitted from host: <134.158.133.27:9618?addrs=134.158.133.27-9618&alias=llrt3condor.in2p3.fr&noUDP&sock=schedd_33061_acb1>
...
009 (775769.009.000) 2026-03-24 15:23:02 Job was aborted.
	via condor_rm (by user amella)
...
000 (775771.009.000) 2026-03-24 15:28:21 Job submitted from host: <134.158.133.27:9618?addrs=134.158.133.27-9618&alias=llrt3condor.in2p3.fr&noUDP&sock=schedd_33061_acb1>
...
040 (775771.009.000) 2026-03-24 15:44:17 Started transferring input files
	Transferring to host: <134.158.132.99:9618?addrs=134.158.132.99-9618&alias=llrgrwn009.in2p3.fr&noUDP&sock=slot1_7_1028439_0ff6_6366>
...
040 (775771.009.000) 2026-03-24 15:44:17 Finished transferring input files
...
001 (775771.009.000) 2026-03-24 15:44:18 Job executing on host: <134.158.132.99:9618?addrs=134.158.132.99-9618&alias=llrgrwn009.in2p3.fr&noUDP&sock=startd_1537_d527>
	SlotName: slot1_7@llrgrwn009.in2p3.fr
	CondorScratchDir = "/var/lib/condor/execute/dir_2715855"
	Cpus = 1
	Disk = 2048
	GPUs = 0
	Memory = 8192
...
006 (775771.009.000) 2026-03-24 15:44:26 Image size of job updated: 350316
	343  -  MemoryUsage of job (MB)
	350316  -  ResidentSetSize of job (KB)
...
006 (775771.009.000) 2026-03-24 15:49:26 Image size of job updated: 4584432
	4477  -  MemoryUsage of job (MB)
	4584432  -  ResidentSetSize of job (KB)
...
006 (775771.009.000) 2026-03-24 15:54:27 Image size of job updated: 8908960
	8701  -  MemoryUsage of job (MB)
	8908960  -  ResidentSetSize of job (KB)
...
006 (775771.009.000) 2026-03-24 15:57:12 Image size of job updated: 17067468
	8701  -  MemoryUsage of job (MB)
	8908960  -  ResidentSetSize of job (KB)
...
040 (775771.009.000) 2026-03-24 15:57:12 Started transferring output files
...
040 (775771.009.000) 2026-03-24 15:57:12 Finished transferring output files
...
005 (775771.009.000) 2026-03-24 15:57:12 Job terminated.
	(1) Normal termination (return value 0)
		Usr 0 00:02:54, Sys 0 00:00:21  -  Run Remote Usage
		Usr 0 00:00:00, Sys 0 00:00:00  -  Run Local Usage
		Usr 0 00:02:54, Sys 0 00:00:21  -  Total Remote Usage
		Usr 0 00:00:00, Sys 0 00:00:00  -  Total Local Usage
	3387  -  Run Bytes Sent By Job
	103074  -  Run Bytes Received By Job
	3387  -  Total Bytes Sent By Job
	103074  -  Total Bytes Received By Job
	Partitionable Resources :    Usage  Request Allocated 
	   Cpus                 :     0.20        1         1 
	   Disk (KB)            :   121         125      2048 
	   GPUs                 :                           0 
	   Memory (MB)          :  8701        8192      8192 
	   TimeExecute (s)      :   774                       
	   TimeSlotBusy (s)     :   775                       

	Job terminated of its own accord at 2026-03-24T14:57:12Z with exit-code 0.
...
