000 (775766.002.000) 2026-03-24 14:26:02 Job submitted from host: <134.158.133.27:9618?addrs=134.158.133.27-9618&alias=llrt3condor.in2p3.fr&noUDP&sock=schedd_33061_acb1>
...
009 (775766.002.000) 2026-03-24 14:29:32 Job was aborted.
	via condor_rm (by user amella)
...
000 (775767.002.000) 2026-03-24 14:30:59 Job submitted from host: <134.158.133.27:9618?addrs=134.158.133.27-9618&alias=llrt3condor.in2p3.fr&noUDP&sock=schedd_33061_acb1>
...
040 (775767.002.000) 2026-03-24 14:32:59 Started transferring input files
	Transferring to host: <134.158.132.86:9618?addrs=134.158.132.86-9618&alias=llrgrwn025.in2p3.fr&noUDP&sock=slot1_16_1157926_5e28_4904>
...
040 (775767.002.000) 2026-03-24 14:33:00 Finished transferring input files
...
001 (775767.002.000) 2026-03-24 14:33:01 Job executing on host: <134.158.132.86:9618?addrs=134.158.132.86-9618&alias=llrgrwn025.in2p3.fr&noUDP&sock=startd_1150090_a878>
	SlotName: slot1_16@llrgrwn025.in2p3.fr
	CondorScratchDir = "/var/lib/condor/execute/dir_2094814"
	Cpus = 1
	Disk = 2048
	GPUs = 0
	Memory = 8192
...
006 (775767.002.000) 2026-03-24 14:33:09 Image size of job updated: 77000
	76  -  MemoryUsage of job (MB)
	77000  -  ResidentSetSize of job (KB)
...
006 (775767.002.000) 2026-03-24 14:38:09 Image size of job updated: 4293692
	4194  -  MemoryUsage of job (MB)
	4293692  -  ResidentSetSize of job (KB)
...
006 (775767.002.000) 2026-03-24 14:43:09 Image size of job updated: 7879380
	7695  -  MemoryUsage of job (MB)
	7879380  -  ResidentSetSize of job (KB)
...
006 (775767.002.000) 2026-03-24 14:48:10 Image size of job updated: 11332072
	11067  -  MemoryUsage of job (MB)
	11332072  -  ResidentSetSize of job (KB)
...
006 (775767.002.000) 2026-03-24 14:53:11 Image size of job updated: 13723228
	13402  -  MemoryUsage of job (MB)
	13723228  -  ResidentSetSize of job (KB)
...
006 (775767.002.000) 2026-03-24 14:55:18 Image size of job updated: 14658076
	13402  -  MemoryUsage of job (MB)
	13723228  -  ResidentSetSize of job (KB)
...
040 (775767.002.000) 2026-03-24 14:55:18 Started transferring output files
...
040 (775767.002.000) 2026-03-24 14:55:18 Finished transferring output files
...
005 (775767.002.000) 2026-03-24 14:55:19 Job terminated.
	(1) Normal termination (return value 1)
		Usr 0 00:08:52, Sys 0 00:00:40  -  Run Remote Usage
		Usr 0 00:00:00, Sys 0 00:00:00  -  Run Local Usage
		Usr 0 00:08:52, Sys 0 00:00:40  -  Total Remote Usage
		Usr 0 00:00:00, Sys 0 00:00:00  -  Total Local Usage
	10308  -  Run Bytes Sent By Job
	102648  -  Run Bytes Received By Job
	10308  -  Total Bytes Sent By Job
	102648  -  Total Bytes Received By Job
	Partitionable Resources :    Usage  Request Allocated 
	   Cpus                 :     0.66        1         1 
	   Disk (KB)            :   127         125      2048 
	   GPUs                 :                           0 
	   Memory (MB)          : 13402        8192      8192 
	   TimeExecute (s)      :  1337                       
	   TimeSlotBusy (s)     :  1340                       

	Job terminated of its own accord at 2026-03-24T13:55:18Z with exit-code 1.
...
000 (775769.002.000) 2026-03-24 15:18:27 Job submitted from host: <134.158.133.27:9618?addrs=134.158.133.27-9618&alias=llrt3condor.in2p3.fr&noUDP&sock=schedd_33061_acb1>
...
040 (775769.002.000) 2026-03-24 15:20:50 Started transferring input files
	Transferring to host: <134.158.133.24:9618?addrs=134.158.133.24-9618&alias=llrgrwn087.in2p3.fr&noUDP&sock=slot1_27_1066213_4336_6458>
...
040 (775769.002.000) 2026-03-24 15:20:50 Finished transferring input files
...
001 (775769.002.000) 2026-03-24 15:20:51 Job executing on host: <134.158.133.24:9618?addrs=134.158.133.24-9618&alias=llrgrwn087.in2p3.fr&noUDP&sock=startd_1054455_00af>
	SlotName: slot1_27@llrgrwn087.in2p3.fr
	CondorScratchDir = "/var/lib/condor/execute/dir_2793662"
	Cpus = 1
	Disk = 2048
	GPUs = 0
	Memory = 8192
...
006 (775769.002.000) 2026-03-24 15:20:59 Image size of job updated: 80856
	79  -  MemoryUsage of job (MB)
	80856  -  ResidentSetSize of job (KB)
...
006 (775769.002.000) 2026-03-24 15:23:02 Image size of job updated: 1430876
	1398  -  MemoryUsage of job (MB)
	1430876  -  ResidentSetSize of job (KB)
...
004 (775769.002.000) 2026-03-24 15:23:02 Job was evicted.
	(0) CPU times
		Usr 0 00:00:32, Sys 0 00:00:02  -  Run Remote Usage
		Usr 0 00:00:00, Sys 0 00:00:00  -  Run Local Usage
	0  -  Run Bytes Sent By Job
	103401  -  Run Bytes Received By Job
	Partitionable Resources :    Usage  Request Allocated 
	   Cpus                 :     0.00        1         1 
	   Disk (KB)            :   119         125      2048 
	   GPUs                 :                           0 
	   Memory (MB)          :  1398        8192      8192 
	   TimeExecute (s)      :   131                       
	   TimeSlotBusy (s)     :   132                       
...
009 (775769.002.000) 2026-03-24 15:23:04 Job was aborted.
	via condor_rm (by user amella)
...
000 (775771.002.000) 2026-03-24 15:28:21 Job submitted from host: <134.158.133.27:9618?addrs=134.158.133.27-9618&alias=llrt3condor.in2p3.fr&noUDP&sock=schedd_33061_acb1>
...
040 (775771.002.000) 2026-03-24 15:28:23 Started transferring input files
	Transferring to host: <134.158.133.24:9618?addrs=134.158.133.24-9618&alias=llrgrwn087.in2p3.fr&noUDP&sock=slot1_27_1066213_4336_6466>
...
040 (775771.002.000) 2026-03-24 15:28:23 Finished transferring input files
...
001 (775771.002.000) 2026-03-24 15:28:24 Job executing on host: <134.158.133.24:9618?addrs=134.158.133.24-9618&alias=llrgrwn087.in2p3.fr&noUDP&sock=startd_1054455_00af>
	SlotName: slot1_27@llrgrwn087.in2p3.fr
	CondorScratchDir = "/var/lib/condor/execute/dir_2795554"
	Cpus = 1
	Disk = 2048
	GPUs = 0
	Memory = 8192
...
006 (775771.002.000) 2026-03-24 15:28:32 Image size of job updated: 97452
	96  -  MemoryUsage of job (MB)
	97452  -  ResidentSetSize of job (KB)
...
006 (775771.002.000) 2026-03-24 15:33:32 Image size of job updated: 3811568
	3723  -  MemoryUsage of job (MB)
	3811568  -  ResidentSetSize of job (KB)
...
006 (775771.002.000) 2026-03-24 15:38:33 Image size of job updated: 7371456
	7199  -  MemoryUsage of job (MB)
	7371456  -  ResidentSetSize of job (KB)
...
006 (775771.002.000) 2026-03-24 15:43:33 Image size of job updated: 10266180
	10026  -  MemoryUsage of job (MB)
	10266180  -  ResidentSetSize of job (KB)
...
006 (775771.002.000) 2026-03-24 15:44:43 Image size of job updated: 21216312
	10026  -  MemoryUsage of job (MB)
	10266180  -  ResidentSetSize of job (KB)
...
040 (775771.002.000) 2026-03-24 15:44:43 Started transferring output files
...
040 (775771.002.000) 2026-03-24 15:44:43 Finished transferring output files
...
005 (775771.002.000) 2026-03-24 15:44:43 Job terminated.
	(1) Normal termination (return value 0)
		Usr 0 00:05:15, Sys 0 00:00:41  -  Run Remote Usage
		Usr 0 00:00:00, Sys 0 00:00:00  -  Run Local Usage
		Usr 0 00:05:15, Sys 0 00:00:41  -  Total Remote Usage
		Usr 0 00:00:00, Sys 0 00:00:00  -  Total Local Usage
	21502  -  Run Bytes Sent By Job
	103246  -  Run Bytes Received By Job
	21502  -  Total Bytes Sent By Job
	103246  -  Total Bytes Received By Job
	Partitionable Resources :    Usage  Request Allocated 
	   Cpus                 :     0.24        1         1 
	   Disk (KB)            :   139         125      2048 
	   GPUs                 :                           0 
	   Memory (MB)          : 10026        8192      8192 
	   TimeExecute (s)      :   979                       
	   TimeSlotBusy (s)     :   980                       

	Job terminated of its own accord at 2026-03-24T14:44:43Z with exit-code 0.
...
